2026-02-10 12:55:31 - root - INFO - _initialize:104 - ============================================================
2026-02-10 12:55:31 - root - INFO - _initialize:105 - 检测系统日志系统初始化完成
2026-02-10 12:55:31 - root - INFO - _initialize:106 - 日志目录: logs
2026-02-10 12:55:31 - root - INFO - _initialize:107 - 日志文件: logs\inspection_system_20260210.log
2026-02-10 12:55:31 - root - INFO - _initialize:108 - ============================================================
2026-02-10 13:07:36 - root - INFO - _initialize:104 - ============================================================
2026-02-10 13:07:36 - root - INFO - _initialize:105 - 检测系统日志系统初始化完成
2026-02-10 13:07:36 - root - INFO - _initialize:106 - 日志目录: logs
2026-02-10 13:07:36 - root - INFO - _initialize:107 - 日志文件: logs\inspection_system_20260210.log
2026-02-10 13:07:36 - root - INFO - _initialize:108 - ============================================================
2026-02-10 13:07:36 - config_manager - ERROR - save_config:267 - 保存配置文件失败: keys must be str, int, float, bool or None, not tuple
2026-02-10 13:07:36 - BatchInspectionEngine - INFO - __init__:145 - 批量检测引擎初始化完成，目标速度: 60件/分钟
2026-02-10 13:07:37 - BatchInspectionEngine - DEBUG - set_progress_callback:208 - 进度回调函数已设置
2026-02-10 13:07:37 - BatchInspectionEngine - DEBUG - set_result_callback:198 - 结果回调函数已设置
2026-02-10 13:07:37 - InspectionSystemEnhancedGUI - INFO - __init__:683 - 增强版GUI初始化完成
2026-02-10 13:10:12 - BatchInspectionEngine - INFO - start:248 - 批量检测已启动
2026-02-10 13:10:12 - BatchInspectionPanel - INFO - _start_batch:577 - 批量检测已启动
2026-02-10 13:10:28 - BatchInspectionEngine - INFO - pause:264 - 批量检测已暂停
2026-02-10 13:10:28 - BatchInspectionPanel - INFO - _pause_batch:586 - 批量检测已暂停
2026-02-10 13:11:03 - InspectionSystemEnhancedGUI - ERROR - _single_inspection:937 - 检测失败: 'DataExporter' object has no attribute 'export_results'
2026-02-10 13:26:00 - root - INFO - _initialize:104 - ============================================================
2026-02-10 13:26:00 - root - INFO - _initialize:105 - 检测系统日志系统初始化完成
2026-02-10 13:26:00 - root - INFO - _initialize:106 - 日志目录: logs
2026-02-10 13:26:00 - root - INFO - _initialize:107 - 日志文件: logs\inspection_system_20260210.log
2026-02-10 13:26:00 - root - INFO - _initialize:108 - ============================================================
2026-02-10 13:27:32 - root - INFO - _initialize:104 - ============================================================
2026-02-10 13:27:32 - root - INFO - _initialize:105 - 检测系统日志系统初始化完成
2026-02-10 13:27:32 - root - INFO - _initialize:106 - 日志目录: logs
2026-02-10 13:27:32 - root - INFO - _initialize:107 - 日志文件: logs\inspection_system_20260210.log
2026-02-10 13:27:32 - root - INFO - _initialize:108 - ============================================================
2026-02-10 13:27:32 - config_manager - ERROR - save_config:267 - 保存配置文件失败: keys must be str, int, float, bool or None, not tuple
2026-02-10 13:27:32 - BatchInspectionEngine - INFO - __init__:145 - 批量检测引擎初始化完成，目标速度: 60件/分钟
2026-02-10 13:27:32 - BatchInspectionEngine - DEBUG - set_progress_callback:208 - 进度回调函数已设置
2026-02-10 13:27:32 - BatchInspectionEngine - DEBUG - set_result_callback:198 - 结果回调函数已设置
2026-02-10 13:27:32 - InspectionSystemEnhancedGUI - INFO - __init__:683 - 增强版GUI初始化完成
2026-02-10 13:28:50 - root - INFO - _initialize:104 - ============================================================
2026-02-10 13:28:50 - root - INFO - _initialize:105 - 检测系统日志系统初始化完成
2026-02-10 13:28:50 - root - INFO - _initialize:106 - 日志目录: logs
2026-02-10 13:28:50 - root - INFO - _initialize:107 - 日志文件: logs\inspection_system_20260210.log
2026-02-10 13:28:50 - root - INFO - _initialize:108 - ============================================================
2026-02-10 13:28:50 - BatchInspectionEngine - INFO - __init__:145 - 批量检测引擎初始化完成，目标速度: 60件/分钟
2026-02-10 13:28:50 - BatchInspectionEngine - DEBUG - set_progress_callback:208 - 进度回调函数已设置
2026-02-10 13:28:50 - BatchInspectionEngine - DEBUG - set_result_callback:198 - 结果回调函数已设置
2026-02-10 13:28:50 - InspectionSystemEnhancedGUI - INFO - __init__:683 - 增强版GUI初始化完成
2026-02-10 13:30:30 - root - INFO - _initialize:104 - ============================================================
2026-02-10 13:30:30 - root - INFO - _initialize:105 - 检测系统日志系统初始化完成
2026-02-10 13:30:30 - root - INFO - _initialize:106 - 日志目录: logs
2026-02-10 13:30:30 - root - INFO - _initialize:107 - 日志文件: logs\inspection_system_20260210.log
2026-02-10 13:30:30 - root - INFO - _initialize:108 - ============================================================
2026-02-10 13:30:30 - BatchInspectionEngine - INFO - __init__:145 - 批量检测引擎初始化完成，目标速度: 60件/分钟
2026-02-10 13:30:31 - BatchInspectionEngine - DEBUG - set_progress_callback:208 - 进度回调函数已设置
2026-02-10 13:30:31 - BatchInspectionEngine - DEBUG - set_result_callback:198 - 结果回调函数已设置
2026-02-10 13:30:31 - InspectionSystemEnhancedGUI - INFO - __init__:683 - 增强版GUI初始化完成
2026-02-10 13:32:56 - InspectionSystemEnhancedGUI - ERROR - _single_inspection:937 - 检测失败: 'DataExporter' object has no attribute 'export_results'
2026-02-10 13:33:03 - SurfaceDefectDetector - ERROR - _detect_by_texture:331 - 纹理分析检测失败: OpenCV(4.12.0) D:\a\opencv-python\opencv-python\opencv\modules\core\src\minmax.cpp:1161: error: (-215:Assertion failed) func != 0 in function 'cv::minMaxIdx'

2026-02-10 13:33:03 - SurfaceDefectDetector - INFO - detect:159 - 表面缺陷检测完成，发现 2 个缺陷
2026-02-10 13:33:03 - EdgeDefectDetector - ERROR - _analyze_contour_defects:526 - 轮廓缺陷分析失败: OpenCV(4.12.0) D:\a\opencv-python\opencv-python\opencv\modules\imgproc\src\convhull.cpp:360: error: (-5:Bad argument) The convex hull indices are not monotonous, which can be in the case when the input contour contains self-intersections in function 'cv::convexityDefects'

2026-02-10 13:33:03 - EdgeDefectDetector - INFO - detect:448 - 边缘缺陷检测完成，发现 0 个缺陷
2026-02-10 13:33:03 - BurrDetector - INFO - detect:616 - 毛刺检测完成，发现 0 个毛刺
2026-02-10 13:33:03 - ComprehensiveDefectDetector - INFO - detect_all:812 - 综合缺陷检测完成，发现 2 个缺陷
2026-02-10 13:33:03 - AlarmController - WARNING - trigger_alarm:96 - 触发报警: NG
2026-02-10 13:33:31 - HistoryQueryWindow - INFO - _load_data:243 - 已加载 2 条历史记录
2026-02-10 13:33:42 - DataExporter - ERROR - calculate_statistics:247 - 计算统计数据失败: False
2026-02-10 13:33:42 - StatisticsReportWindow - ERROR - _generate_report:440 - 生成报表失败: '总检测数'
2026-02-10 13:34:15 - AlarmController - INFO - enable_alarm:79 - 报警已禁用
2026-02-10 13:38:24 - root - INFO - _initialize:104 - ============================================================
2026-02-10 13:38:24 - root - INFO - _initialize:105 - 检测系统日志系统初始化完成
2026-02-10 13:38:24 - root - INFO - _initialize:106 - 日志目录: logs
2026-02-10 13:38:24 - root - INFO - _initialize:107 - 日志文件: logs\inspection_system_20260210.log
2026-02-10 13:38:24 - root - INFO - _initialize:108 - ============================================================
2026-02-10 13:38:24 - BatchInspectionEngine - INFO - __init__:145 - 批量检测引擎初始化完成，目标速度: 60件/分钟
2026-02-10 13:38:24 - BatchInspectionEngine - DEBUG - set_progress_callback:208 - 进度回调函数已设置
2026-02-10 13:38:24 - BatchInspectionEngine - DEBUG - set_result_callback:198 - 结果回调函数已设置
2026-02-10 13:38:24 - InspectionSystemEnhancedGUI - INFO - __init__:689 - 增强版GUI初始化完成
2026-02-10 13:49:19 - root - INFO - _initialize:104 - ============================================================
2026-02-10 13:49:19 - root - INFO - _initialize:105 - 检测系统日志系统初始化完成
2026-02-10 13:49:19 - root - INFO - _initialize:106 - 日志目录: logs
2026-02-10 13:49:19 - root - INFO - _initialize:107 - 日志文件: logs\inspection_system_20260210.log
2026-02-10 13:49:19 - root - INFO - _initialize:108 - ============================================================
2026-02-10 13:49:19 - BatchInspectionEngine - INFO - __init__:145 - 批量检测引擎初始化完成，目标速度: 60件/分钟
2026-02-10 13:49:19 - BatchInspectionEngine - DEBUG - set_progress_callback:208 - 进度回调函数已设置
2026-02-10 13:49:19 - BatchInspectionEngine - DEBUG - set_result_callback:198 - 结果回调函数已设置
2026-02-10 13:49:19 - InspectionSystemEnhancedGUI - INFO - __init__:692 - 增强版GUI初始化完成
2026-02-10 13:52:21 - root - INFO - _initialize:104 - ============================================================
2026-02-10 13:52:21 - root - INFO - _initialize:105 - 检测系统日志系统初始化完成
2026-02-10 13:52:21 - root - INFO - _initialize:106 - 日志目录: logs
2026-02-10 13:52:21 - root - INFO - _initialize:107 - 日志文件: logs\inspection_system_20260210.log
2026-02-10 13:52:21 - root - INFO - _initialize:108 - ============================================================
2026-02-10 13:52:21 - BatchInspectionEngine - INFO - __init__:145 - 批量检测引擎初始化完成，目标速度: 60件/分钟
2026-02-10 13:52:21 - BatchInspectionEngine - DEBUG - set_progress_callback:208 - 进度回调函数已设置
2026-02-10 13:52:21 - BatchInspectionEngine - DEBUG - set_result_callback:198 - 结果回调函数已设置
2026-02-10 13:52:21 - InspectionSystemEnhancedGUI - INFO - __init__:692 - 增强版GUI初始化完成
2026-02-10 13:53:22 - USBCamera - INFO - connect:85 - USB相机连接成功: 0
2026-02-10 13:53:22 - CameraPreviewWidget - INFO - connect_camera:166 - 相机连接成功: 1280x720
2026-02-10 13:53:27 - USBCamera - INFO - start_capture:152 - 开始连续采集
2026-02-10 13:53:27 - CameraPreviewWidget - INFO - start_preview:191 - 开始预览
2026-02-10 13:53:36 - USBCamera - INFO - stop_capture:168 - 停止连续采集
2026-02-10 13:53:36 - USBCamera - INFO - disconnect:106 - USB相机已断开: 0
